<?xml version="1.0" encoding="UTF-8"?>
<!-- Generated by org.testng.reporters.JUnitReportReporter -->
<testsuite hostname="CO-5CG004077X" failures="0" tests="1" name="Launchers.Launcher_Test" time="6.197" errors="0" timestamp="2024-10-14T12:10:12 COT" skipped="0">
  <testcase classname="Launchers.Launcher_Test" name="prueba" time="6.197"/>
  <system-out/>
</testsuite> <!-- Launchers.Launcher_Test -->
